<?xml version="1.0" encoding="UTF-8"?>
<!-- Generated by org.testng.reporters.JUnitXMLReporter -->
<testsuite hostname="PC382947" ignored="0" name="Test" tests="1" failures="1" timestamp="03 Aug 2018 10:04:53 GMT" time="0.327" errors="0">
  <testcase name="testGet" time="0.281" classname="com.testClasses.Test001">
    <failure type="java.lang.ExceptionInInitializerError">
      <![CDATA[java.lang.ExceptionInInitializerError
	at com.testClasses.Test001.testGet(Test001.java:34)
Caused by: java.lang.NullPointerException
	at org.cts.hybrid.ConfigProvider.ConfigProvider.loadProperties(ConfigProvider.java:45)
	at org.cts.hybrid.ConfigProvider.ConfigProvider.getInstance(ConfigProvider.java:39)
	at org.cts.hybrid.ConfigProvider.ConfigProvider.getAsString(ConfigProvider.java:80)
	at com.utils.URL.<clinit>(URL.java:10)
	... 26 more
... Removed 25 stack frames]]>
    </failure>
  </testcase> <!-- testGet -->
</testsuite> <!-- Test -->
