<?xml version="1.0" encoding="UTF-8"?>
<testng-results skipped="0" failed="0" ignored="0" total="1" passed="1">
  <reporter-output>
  </reporter-output>
  <suite name="Default suite" duration-ms="2772" started-at="2018-08-02T10:45:20Z" finished-at="2018-08-02T10:45:23Z">
    <groups>
    </groups>
    <test name="Default test" duration-ms="2772" started-at="2018-08-02T10:45:20Z" finished-at="2018-08-02T10:45:23Z">
      <class name="com.easybix.Issue.Test001">
        <test-method status="PASS" signature="generateAuth()[pri:0, instance:com.easybix.Issue.Test001@3159c4b8]" name="generateAuth" is-config="true" duration-ms="0" started-at="2018-08-02T16:15:20Z" finished-at="2018-08-02T16:15:20Z">
          <reporter-output>
          </reporter-output>
        </test-method> <!-- generateAuth -->
        <test-method status="PASS" signature="testGet()[pri:0, instance:com.easybix.Issue.Test001@3159c4b8]" name="testGet" duration-ms="2725" started-at="2018-08-02T16:15:20Z" finished-at="2018-08-02T16:15:23Z">
          <reporter-output>
          </reporter-output>
        </test-method> <!-- testGet -->
      </class> <!-- com.easybix.Issue.Test001 -->
    </test> <!-- Default test -->
  </suite> <!-- Default suite -->
</testng-results>
